<?xml version="1.0" encoding="UTF-8"?>
<testsuite xmlns:xsi="http://www.w3.org/2001/XMLSchema-instance" xsi:noNamespaceSchemaLocation="https://maven.apache.org/surefire/maven-surefire-plugin/xsd/surefire-test-report.xsd" name="models.TeamTest" time="0.001" tests="7" errors="0" skipped="0" failures="0">
  <properties>
[...]
</properties>
  <testcase name="getNum" classname="models.TeamTest" time="0"/>
  <testcase name="canCreateTeam" classname="models.TeamTest" time="0"/>
  <testcase name="getId" classname="models.TeamTest" time="0"/>
  <testcase name="setTeam1" classname="models.TeamTest" time="0"/>
  <testcase name="setTeam2" classname="models.TeamTest" time="0"/>
  <testcase name="getTeam1" classname="models.TeamTest" time="0"/>
  <testcase name="getTeam2" classname="models.TeamTest" time="0"/>
</testsuite>