<?xml version="1.0" encoding="UTF-8"?>
<testsuite xmlns:xsi="http://www.w3.org/2001/XMLSchema-instance" xsi:noNamespaceSchemaLocation="https://maven.apache.org/surefire/maven-surefire-plugin/xsd/surefire-test-report.xsd" name="models.GameTest" time="0.052" tests="12" errors="0" skipped="0" failures="0">
  <properties>
[...]
</properties>
  <testcase name="getIdMatch" classname="models.GameTest" time="0.005"/>
  <testcase name="testToString" classname="models.GameTest" time="0.005"/>
  <testcase name="canCreateGame" classname="models.GameTest" time="0"/>
  <testcase name="setScore1" classname="models.GameTest" time="0"/>
  <testcase name="setScore2" classname="models.GameTest" time="0"/>
  <testcase name="getScore1" classname="models.GameTest" time="0"/>
  <testcase name="getScore2" classname="models.GameTest" time="0"/>
  <testcase name="getNumRounds" classname="models.GameTest" time="0"/>
  <testcase name="canCreateGame2" classname="models.GameTest" time="0"/>
  <testcase name="getTeam1" classname="models.GameTest" time="0"/>
  <testcase name="getTeam2" classname="models.GameTest" time="0.001"/>
  <testcase name="isEnded" classname="models.GameTest" time="0"/>
</testsuite>